<?xml version="1.0" encoding="UTF-8"?>
<!-- Generated by org.testng.reporters.JUnitXMLReporter -->
<testsuite hostname="DESKTOP-D5401R0" ignored="3" name="Default test" tests="1" failures="0" timestamp="30 Jun 2021 10:42:49 GMT" time="8.337" errors="0">
  <testcase name="verifySMSoperator" time="0.57" classname="com.tests.OperatorsTest"/>
  <testcase name="verifyOperatorTable" time="0.0" classname="com.tests.OperatorsTest">
    <ignored/>
  </testcase> <!-- verifyOperatorTable -->
  <testcase name="verifyHeader" time="0.0" classname="com.tests.OperatorsTest">
    <ignored/>
  </testcase> <!-- verifyHeader -->
  <testcase name="verifyID" time="0.0" classname="com.tests.OperatorsTest">
    <ignored/>
  </testcase> <!-- verifyID -->
</testsuite> <!-- Default test -->
