<?xml version="1.0" encoding="UTF-8"?>
<testng-results skipped="0" failed="0" ignored="3" total="4" passed="1">
  <reporter-output>
  </reporter-output>
  <suite name="Default suite" duration-ms="8337" started-at="2021-06-30T10:42:41Z" finished-at="2021-06-30T10:42:49Z">
    <groups>
    </groups>
    <test name="Default test" duration-ms="8337" started-at="2021-06-30T10:42:41Z" finished-at="2021-06-30T10:42:49Z">
      <class name="com.tests.OperatorsTest">
        <test-method status="PASS" signature="Operatorwindow()[pri:0, instance:com.tests.OperatorsTest@46d56d67]" name="Operatorwindow" is-config="true" duration-ms="7752" started-at="2021-06-30T16:12:41Z" finished-at="2021-06-30T16:12:48Z">
          <reporter-output>
          </reporter-output>
        </test-method> <!-- Operatorwindow -->
        <test-method status="PASS" signature="verifySMSoperator()[pri:0, instance:com.tests.OperatorsTest@46d56d67]" name="verifySMSoperator" duration-ms="570" started-at="2021-06-30T16:12:48Z" finished-at="2021-06-30T16:12:49Z">
          <reporter-output>
          </reporter-output>
        </test-method> <!-- verifySMSoperator -->
      </class> <!-- com.tests.OperatorsTest -->
    </test> <!-- Default test -->
  </suite> <!-- Default suite -->
</testng-results>
